<?xml version="1.0" encoding="UTF-8"?>
<!-- Generated by org.testng.reporters.JUnitXMLReporter -->
<testsuite ignored="3" hostname="Tanfeez" failures="0" tests="1" name="Default test" time="52.678" errors="0" timestamp="2024-10-06T13:05:32 IST">
  <testcase classname="TicTacToe_Test.TestClass" name="switchapp" time="12.688"/>
  <testcase classname="TicTacToe_Test.TestClass" name="Touch" time="0.0">
    <ignored/>
  </testcase> <!-- Touch -->
  <testcase classname="TicTacToe_Test.TestClass" name="Gameplay" time="0.0">
    <ignored/>
  </testcase> <!-- Gameplay -->
  <testcase classname="TicTacToe_Test.TestClass" name="openNotifications" time="0.0">
    <ignored/>
  </testcase> <!-- openNotifications -->
</testsuite> <!-- Default test -->
