<?xml version="1.0" encoding="UTF-8"?>
<testng-results ignored="0" total="1" passed="1" failed="0" skipped="0">
  <reporter-output>
  </reporter-output>
  <suite started-at="2024-10-06T13:04:39 IST" name="Default suite" finished-at="2024-10-06T13:05:32 IST" duration-ms="52678">
    <groups>
    </groups>
    <test started-at="2024-10-06T13:04:39 IST" name="Default test" finished-at="2024-10-06T13:05:32 IST" duration-ms="52678">
      <class name="TicTacToe_Test.TestClass">
        <test-method is-config="true" signature="bt()[pri:0, instance:TicTacToe_Test.TestClass@1dac5ef]" started-at="2024-10-06T13:04:39 IST" name="bt" finished-at="2024-10-06T13:05:16 IST" duration-ms="36780" status="PASS">
          <reporter-output>
          </reporter-output>
        </test-method> <!-- bt -->
        <test-method signature="switchapp()[pri:0, instance:TicTacToe_Test.TestClass@1dac5ef]" started-at="2024-10-06T13:05:16 IST" name="switchapp" finished-at="2024-10-06T13:05:28 IST" duration-ms="12688" status="PASS">
          <reporter-output>
          </reporter-output>
        </test-method> <!-- switchapp -->
        <test-method is-config="true" signature="tearDown()[pri:0, instance:TicTacToe_Test.TestClass@1dac5ef]" started-at="2024-10-06T13:05:28 IST" name="tearDown" finished-at="2024-10-06T13:05:32 IST" duration-ms="3080" status="PASS">
          <reporter-output>
          </reporter-output>
        </test-method> <!-- tearDown -->
      </class> <!-- TicTacToe_Test.TestClass -->
    </test> <!-- Default test -->
  </suite> <!-- Default suite -->
</testng-results>
